[0802/230409:ERROR:process_reader_win.cc(232)] ReadMemory at 0x1060000 of 64 bytes failed: Запрос ReadProcessMemory или WriteProcessMemory был выполнен только частично. (0x12B)
[0802/230409:WARNING:pe_image_reader.cc(280)] could not read dos header from C:\Program Files\Google\Chrome\Application\chrome.exe
[0802/230409:ERROR:process_reader_win.cc(232)] ReadMemory at 0x777a0000 of 64 bytes failed: Запрос ReadProcessMemory или WriteProcessMemory был выполнен только частично. (0x12B)
[0802/230409:WARNING:pe_image_reader.cc(280)] could not read dos header from C:\Windows\SYSTEM32\ntdll.dll
[0802/230409:ERROR:process_reader_win.cc(232)] ReadMemory at 0x75840000 of 64 bytes failed: Запрос ReadProcessMemory или WriteProcessMemory был выполнен только частично. (0x12B)
[0802/230409:WARNING:pe_image_reader.cc(280)] could not read dos header from C:\Windows\system32\KERNELBASE.dll
[0802/230409:ERROR:process_reader_win.cc(232)] ReadMemory at 0x75aa0000 of 64 bytes failed: Запрос ReadProcessMemory или WriteProcessMemory был выполнен только частично. (0x12B)
[0802/230409:WARNING:pe_image_reader.cc(280)] could not read dos header from C:\Windows\system32\kernel32.dll
[0802/230409:ERROR:process_reader_win.cc(232)] ReadMemory at 0x75f70000 of 64 bytes failed: Запрос ReadProcessMemory или WriteProcessMemory был выполнен только частично. (0x12B)
[0802/230409:WARNING:pe_image_reader.cc(280)] could not read dos header from C:\Windows\system32\msvcrt.dll
[0802/230409:ERROR:process_reader_win.cc(232)] ReadMemory at 0x76580000 of 64 bytes failed: Запрос ReadProcessMemory или WriteProcessMemory был выполнен только частично. (0x12B)
[0802/230409:WARNING:pe_image_reader.cc(280)] could not read dos header from C:\Windows\system32\RPCRT4.dll
[0802/230409:ERROR:process_reader_win.cc(232)] ReadMemory at 0x77900000 of 64 bytes failed: Запрос ReadProcessMemory или WriteProcessMemory был выполнен только частично. (0x12B)
[0802/230409:WARNING:pe_image_reader.cc(280)] could not read dos header from C:\Windows\SYSTEM32\sechost.dll
[0802/230409:ERROR:process_reader_win.cc(232)] ReadMemory at 0x763e0000 of 64 bytes failed: Запрос ReadProcessMemory или WriteProcessMemory был выполнен только частично. (0x12B)
[0802/230409:WARNING:pe_image_reader.cc(280)] could not read dos header from C:\Windows\system32\ADVAPI32.dll
[0802/230409:ERROR:process_reader_win.cc(232)] ReadMemory at 0x65690000 of 64 bytes failed: Запрос ReadProcessMemory или WriteProcessMemory был выполнен только частично. (0x12B)
[0802/230409:WARNING:pe_image_reader.cc(280)] could not read dos header from C:\Program Files\Google\Chrome\Application\51.0.2704.103\chrome_elf.dll
[0802/230409:ERROR:process_reader_win.cc(232)] ReadMemory at 0x74cc0000 of 64 bytes failed: Запрос ReadProcessMemory или WriteProcessMemory был выполнен только частично. (0x12B)
[0802/230409:WARNING:pe_image_reader.cc(280)] could not read dos header from C:\Windows\system32\VERSION.dll
[0802/230409:ERROR:process_reader_win.cc(232)] ReadMemory at 0x76070000 of 64 bytes failed: Запрос ReadProcessMemory или WriteProcessMemory был выполнен только частично. (0x12B)
[0802/230409:WARNING:pe_image_reader.cc(280)] could not read dos header from C:\Windows\system32\USP10.dll
[0802/230409:ERROR:process_reader_win.cc(232)] ReadMemory at 0x778f0000 of 64 bytes failed: Запрос ReadProcessMemory или WriteProcessMemory был выполнен только частично. (0x12B)
[0802/230409:WARNING:pe_image_reader.cc(280)] could not read dos header from C:\Windows\system32\LPK.dll
[0802/230409:ERROR:process_reader_win.cc(232)] ReadMemory at 0x76020000 of 64 bytes failed: Запрос ReadProcessMemory или WriteProcessMemory был выполнен только частично. (0x12B)
[0802/230409:WARNING:pe_image_reader.cc(280)] could not read dos header from C:\Windows\system32\GDI32.dll
[0802/230409:ERROR:process_reader_win.cc(232)] ReadMemory at 0x76170000 of 64 bytes failed: Запрос ReadProcessMemory или WriteProcessMemory был выполнен только частично. (0x12B)
[0802/230409:WARNING:pe_image_reader.cc(280)] could not read dos header from C:\Windows\system32\USER32.dll
[0802/230409:ERROR:process_reader_win.cc(232)] ReadMemory at 0x722e0000 of 64 bytes failed: Запрос ReadProcessMemory или WriteProcessMemory был выполнен только частично. (0x12B)
[0802/230409:WARNING:pe_image_reader.cc(280)] could not read dos header from C:\Windows\system32\WINMM.dll
[0802/230409:ERROR:process_reader_win.cc(232)] ReadMemory at 0x75730000 of 64 bytes failed: Запрос ReadProcessMemory или WriteProcessMemory был выполнен только частично. (0x12B)
[0802/230409:WARNING:pe_image_reader.cc(280)] could not read dos header from C:\Windows\system32\profapi.dll
[0802/230409:ERROR:process_reader_win.cc(232)] ReadMemory at 0x75a30000 of 64 bytes failed: Запрос ReadProcessMemory или WriteProcessMemory был выполнен только частично. (0x12B)
[0802/230409:WARNING:pe_image_reader.cc(280)] could not read dos header from C:\Windows\system32\USERENV.dll
[0802/230409:ERROR:process_reader_win.cc(232)] ReadMemory at 0x74cd0000 of 64 bytes failed: Запрос ReadProcessMemory или WriteProcessMemory был выполнен только частично. (0x12B)
[0802/230409:WARNING:pe_image_reader.cc(280)] could not read dos header from C:\Windows\system32\WTSAPI32.dll
[0802/230409:ERROR:process_reader_win.cc(232)] ReadMemory at 0x704c0000 of 64 bytes failed: Запрос ReadProcessMemory или WriteProcessMemory был выполнен только частично. (0x12B)
[0802/230409:WARNING:pe_image_reader.cc(280)] could not read dos header from C:\Windows\system32\webio.dll
[0802/230409:ERROR:process_reader_win.cc(232)] ReadMemory at 0x70510000 of 64 bytes failed: Запрос ReadProcessMemory или WriteProcessMemory был выполнен только частично. (0x12B)
[0802/230409:WARNING:pe_image_reader.cc(280)] could not read dos header from C:\Windows\system32\WINHTTP.dll
[0802/230409:ERROR:process_reader_win.cc(232)] ReadMemory at 0x73d40000 of 64 bytes failed: Запрос ReadProcessMemory или WriteProcessMemory был выполнен только частично. (0x12B)
[0802/230409:WARNING:pe_image_reader.cc(280)] could not read dos header from C:\Windows\system32\api-ms-win-core-synch-l1-2-0.DLL
[0802/230409:ERROR:process_reader_win.cc(232)] ReadMemory at 0x77920000 of 64 bytes failed: Запрос ReadProcessMemory или WriteProcessMemory был выполнен только частично. (0x12B)
[0802/230409:WARNING:pe_image_reader.cc(280)] could not read dos header from C:\Windows\system32\MSCTF.dll
[0802/230409:ERROR:process_reader_win.cc(232)] ReadMemory at 0x764d0000 of 64 bytes failed: Запрос ReadProcessMemory или WriteProcessMemory был выполнен только частично. (0x12B)
[0802/230409:WARNING:pe_image_reader.cc(280)] could not read dos header from C:\Windows\system32\IMM32.DLL
[0802/230409:ERROR:process_reader_win.cc(232)] ReadMemory at 0x76110000 of 64 bytes failed: Запрос ReadProcessMemory или WriteProcessMemory был выполнен только частично. (0x12B)
[0802/230409:WARNING:pe_image_reader.cc(280)] could not read dos header from C:\Windows\system32\SHLWAPI.dll
[0802/230409:ERROR:process_reader_win.cc(232)] ReadMemory at 0x76630000 of 64 bytes failed: Запрос ReadProcessMemory или WriteProcessMemory был выполнен только частично. (0x12B)
[0802/230409:WARNING:pe_image_reader.cc(280)] could not read dos header from C:\Windows\system32\SHELL32.dll
[0802/230409:ERROR:process_reader_win.cc(232)] ReadMemory at 0x76240000 of 64 bytes failed: Запрос ReadProcessMemory или WriteProcessMemory был выполнен только частично. (0x12B)
[0802/230409:WARNING:pe_image_reader.cc(280)] could not read dos header from C:\Windows\system32\PSAPI.DLL
[0802/230409:ERROR:process_reader_win.cc(232)] ReadMemory at 0x74c60000 of 64 bytes failed: Запрос ReadProcessMemory или WriteProcessMemory был выполнен только частично. (0x12B)
[0802/230409:WARNING:pe_image_reader.cc(280)] could not read dos header from C:\Windows\system32\WINSPOOL.DRV
[0802/230409:ERROR:process_reader_win.cc(232)] ReadMemory at 0x745c0000 of 64 bytes failed: Запрос ReadProcessMemory или WriteProcessMemory был выполнен только частично. (0x12B)
[0802/230409:WARNING:pe_image_reader.cc(280)] could not read dos header from C:\Windows\WinSxS\x86_microsoft.windows.common-controls_6595b64144ccf1df_6.0.7601.18837_none_41e855142bd5705d\COMCTL32.dll
[0802/230409:ERROR:process_reader_win.cc(232)] ReadMemory at 0x75d90000 of 64 bytes failed: Запрос ReadProcessMemory или WriteProcessMemory был выполнен только частично. (0x12B)
[0802/230409:WARNING:pe_image_reader.cc(280)] could not read dos header from C:\Windows\system32\COMDLG32.dll
[0802/230409:ERROR:process_reader_win.cc(232)] ReadMemory at 0x76280000 of 64 bytes failed: Запрос ReadProcessMemory или WriteProcessMemory был выполнен только частично. (0x12B)
[0802/230409:WARNING:pe_image_reader.cc(280)] could not read dos header from C:\Windows\system32\ole32.dll
[0802/230409:ERROR:process_reader_win.cc(232)] ReadMemory at 0x764f0000 of 64 bytes failed: Запрос ReadProcessMemory или WriteProcessMemory был выполнен только частично. (0x12B)
[0802/230409:WARNING:pe_image_reader.cc(280)] could not read dos header from C:\Windows\system32\OLEAUT32.dll
[0802/230409:ERROR:process_reader_win.cc(232)] ReadMemory at 0x75e10000 of 64 bytes failed: Запрос ReadProcessMemory или WriteProcessMemory был выполнен только частично. (0x12B)
[0802/230409:WARNING:pe_image_reader.cc(280)] could not read dos header from C:\Windows\system32\NSI.dll
[0802/230409:ERROR:process_reader_win.cc(232)] ReadMemory at 0x73700000 of 64 bytes failed: Запрос ReadProcessMemory или WriteProcessMemory был выполнен только частично. (0x12B)
[0802/230409:WARNING:pe_image_reader.cc(280)] could not read dos header from C:\Windows\system32\WINNSI.DLL
[0802/230409:ERROR:process_reader_win.cc(232)] ReadMemory at 0x73710000 of 64 bytes failed: Запрос ReadProcessMemory или WriteProcessMemory был выполнен только частично. (0x12B)
[0802/230409:WARNING:pe_image_reader.cc(280)] could not read dos header from C:\Windows\system32\IPHLPAPI.DLL
[0802/230409:ERROR:process_reader_win.cc(232)] ReadMemory at 0x76490000 of 64 bytes failed: Запрос ReadProcessMemory или WriteProcessMemory был выполнен только частично. (0x12B)
[0802/230409:WARNING:pe_image_reader.cc(280)] could not read dos header from C:\Windows\system32\WS2_32.dll
[0802/230409:ERROR:process_reader_win.cc(232)] ReadMemory at 0x75720000 of 64 bytes failed: Запрос ReadProcessMemory или WriteProcessMemory был выполнен только частично. (0x12B)
[0802/230409:WARNING:pe_image_reader.cc(280)] could not read dos header from C:\Windows\system32\MSASN1.dll
[0802/230409:ERROR:process_reader_win.cc(232)] ReadMemory at 0x75900000 of 64 bytes failed: Запрос ReadProcessMemory или WriteProcessMemory был выполнен только частично. (0x12B)
[0802/230409:WARNING:pe_image_reader.cc(280)] could not read dos header from C:\Windows\system32\CRYPT32.dll
[0802/230409:ERROR:process_reader_win.cc(232)] ReadMemory at 0x75890000 of 64 bytes failed: Запрос ReadProcessMemory или WriteProcessMemory был выполнен только частично. (0x12B)
[0802/230409:WARNING:pe_image_reader.cc(280)] could not read dos header from C:\Windows\system32\WINTRUST.dll
[0802/230409:ERROR:process_reader_win.cc(232)] ReadMemory at 0x755b0000 of 64 bytes failed: Запрос ReadProcessMemory или WriteProcessMemory был выполнен только частично. (0x12B)
[0802/230409:WARNING:pe_image_reader.cc(280)] could not read dos header from C:\Windows\system32\Secur32.dll
[0802/230409:ERROR:process_reader_win.cc(232)] ReadMemory at 0x755d0000 of 64 bytes failed: Запрос ReadProcessMemory или WriteProcessMemory был выполнен только частично. (0x12B)
[0802/230409:WARNING:pe_image_reader.cc(280)] could not read dos header from C:\Windows\system32\SSPICLI.DLL
[0802/230409:ERROR:process_reader_win.cc(232)] ReadMemory at 0x56040000 of 64 bytes failed: Запрос ReadProcessMemory или WriteProcessMemory был выполнен только частично. (0x12B)
[0802/230409:WARNING:pe_image_reader.cc(280)] could not read dos header from C:\Program Files\Google\Chrome\Application\51.0.2704.103\chrome_child.dll
[0802/230409:ERROR:process_reader_win.cc(232)] ReadMemory at 0x69450000 of 64 bytes failed: Запрос ReadProcessMemory или WriteProcessMemory был выполнен только частично. (0x12B)
[0802/230409:WARNING:pe_image_reader.cc(280)] could not read dos header from C:\Windows\system32\dwrite.dll
[0802/230409:ERROR:process_reader_win.cc(232)] ReadMemory at 0x75640000 of 64 bytes failed: Запрос ReadProcessMemory или WriteProcessMemory был выполнен только частично. (0x12B)
[0802/230409:WARNING:pe_image_reader.cc(280)] could not read dos header from C:\Windows\system32\cryptbase.dll
[0802/230409:ERROR:process_reader_win.cc(232)] ReadMemory at 0x1060000 of 64 bytes failed: Запрос ReadProcessMemory или WriteProcessMemory был выполнен только частично. (0x12B)
[0802/230409:WARNING:pe_image_reader.cc(280)] could not read dos header from C:\Program Files\Google\Chrome\Application\chrome.exe
[0802/230409:ERROR:process_reader_win.cc(232)] ReadMemory at 0x777a0000 of 64 bytes failed: Запрос ReadProcessMemory или WriteProcessMemory был выполнен только частично. (0x12B)
[0802/230409:WARNING:pe_image_reader.cc(280)] could not read dos header from C:\Windows\SYSTEM32\ntdll.dll
[0802/230409:ERROR:process_reader_win.cc(232)] ReadMemory at 0x75840000 of 64 bytes failed: Запрос ReadProcessMemory или WriteProcessMemory был выполнен только частично. (0x12B)
[0802/230409:WARNING:pe_image_reader.cc(280)] could not read dos header from C:\Windows\system32\KERNELBASE.dll
[0802/230409:ERROR:process_reader_win.cc(232)] ReadMemory at 0x75aa0000 of 64 bytes failed: Запрос ReadProcessMemory или WriteProcessMemory был выполнен только частично. (0x12B)
[0802/230409:WARNING:pe_image_reader.cc(280)] could not read dos header from C:\Windows\system32\kernel32.dll
[0802/230409:ERROR:process_reader_win.cc(232)] ReadMemory at 0x75f70000 of 64 bytes failed: Запрос ReadProcessMemory или WriteProcessMemory был выполнен только частично. (0x12B)
[0802/230409:WARNING:pe_image_reader.cc(280)] could not read dos header from C:\Windows\system32\msvcrt.dll
[0802/230409:ERROR:process_reader_win.cc(232)] ReadMemory at 0x76580000 of 64 bytes failed: Запрос ReadProcessMemory или WriteProcessMemory был выполнен только частично. (0x12B)
[0802/230409:WARNING:pe_image_reader.cc(280)] could not read dos header from C:\Windows\system32\RPCRT4.dll
[0802/230409:ERROR:process_reader_win.cc(232)] ReadMemory at 0x77900000 of 64 bytes failed: Запрос ReadProcessMemory или WriteProcessMemory был выполнен только частично. (0x12B)
[0802/230409:WARNING:pe_image_reader.cc(280)] could not read dos header from C:\Windows\SYSTEM32\sechost.dll
[0802/230409:ERROR:process_reader_win.cc(232)] ReadMemory at 0x763e0000 of 64 bytes failed: Запрос ReadProcessMemory или WriteProcessMemory был выполнен только частично. (0x12B)
[0802/230409:WARNING:pe_image_reader.cc(280)] could not read dos header from C:\Windows\system32\ADVAPI32.dll
[0802/230409:ERROR:process_reader_win.cc(232)] ReadMemory at 0x65690000 of 64 bytes failed: Запрос ReadProcessMemory или WriteProcessMemory был выполнен только частично. (0x12B)
[0802/230409:WARNING:pe_image_reader.cc(280)] could not read dos header from C:\Program Files\Google\Chrome\Application\51.0.2704.103\chrome_elf.dll
[0802/230409:ERROR:process_reader_win.cc(232)] ReadMemory at 0x74cc0000 of 64 bytes failed: Запрос ReadProcessMemory или WriteProcessMemory был выполнен только частично. (0x12B)
[0802/230409:WARNING:pe_image_reader.cc(280)] could not read dos header from C:\Windows\system32\VERSION.dll
[0802/230409:ERROR:process_reader_win.cc(232)] ReadMemory at 0x76070000 of 64 bytes failed: Запрос ReadProcessMemory или WriteProcessMemory был выполнен только частично. (0x12B)
[0802/230409:WARNING:pe_image_reader.cc(280)] could not read dos header from C:\Windows\system32\USP10.dll
[0802/230409:ERROR:process_reader_win.cc(232)] ReadMemory at 0x778f0000 of 64 bytes failed: Запрос ReadProcessMemory или WriteProcessMemory был выполнен только частично. (0x12B)
[0802/230409:WARNING:pe_image_reader.cc(280)] could not read dos header from C:\Windows\system32\LPK.dll
[0802/230409:ERROR:process_reader_win.cc(232)] ReadMemory at 0x76020000 of 64 bytes failed: Запрос ReadProcessMemory или WriteProcessMemory был выполнен только частично. (0x12B)
[0802/230409:WARNING:pe_image_reader.cc(280)] could not read dos header from C:\Windows\system32\GDI32.dll
[0802/230409:ERROR:process_reader_win.cc(232)] ReadMemory at 0x76170000 of 64 bytes failed: Запрос ReadProcessMemory или WriteProcessMemory был выполнен только частично. (0x12B)
[0802/230409:WARNING:pe_image_reader.cc(280)] could not read dos header from C:\Windows\system32\USER32.dll
[0802/230409:ERROR:process_reader_win.cc(232)] ReadMemory at 0x722e0000 of 64 bytes failed: Запрос ReadProcessMemory или WriteProcessMemory был выполнен только частично. (0x12B)
[0802/230409:WARNING:pe_image_reader.cc(280)] could not read dos header from C:\Windows\system32\WINMM.dll
[0802/230409:ERROR:process_reader_win.cc(232)] ReadMemory at 0x75730000 of 64 bytes failed: Запрос ReadProcessMemory или WriteProcessMemory был выполнен только частично. (0x12B)
[0802/230409:WARNING:pe_image_reader.cc(280)] could not read dos header from C:\Windows\system32\profapi.dll
[0802/230409:ERROR:process_reader_win.cc(232)] ReadMemory at 0x75a30000 of 64 bytes failed: Запрос ReadProcessMemory или WriteProcessMemory был выполнен только частично. (0x12B)
[0802/230409:WARNING:pe_image_reader.cc(280)] could not read dos header from C:\Windows\system32\USERENV.dll
[0802/230409:ERROR:process_reader_win.cc(232)] ReadMemory at 0x74cd0000 of 64 bytes failed: Запрос ReadProcessMemory или WriteProcessMemory был выполнен только частично. (0x12B)
[0802/230409:WARNING:pe_image_reader.cc(280)] could not read dos header from C:\Windows\system32\WTSAPI32.dll
[0802/230409:ERROR:process_reader_win.cc(232)] ReadMemory at 0x704c0000 of 64 bytes failed: Запрос ReadProcessMemory или WriteProcessMemory был выполнен только частично. (0x12B)
[0802/230409:WARNING:pe_image_reader.cc(280)] could not read dos header from C:\Windows\system32\webio.dll
[0802/230409:ERROR:process_reader_win.cc(232)] ReadMemory at 0x70510000 of 64 bytes failed: Запрос ReadProcessMemory или WriteProcessMemory был выполнен только частично. (0x12B)
[0802/230409:WARNING:pe_image_reader.cc(280)] could not read dos header from C:\Windows\system32\WINHTTP.dll
[0802/230409:ERROR:process_reader_win.cc(232)] ReadMemory at 0x73d40000 of 64 bytes failed: Запрос ReadProcessMemory или WriteProcessMemory был выполнен только частично. (0x12B)
[0802/230409:WARNING:pe_image_reader.cc(280)] could not read dos header from C:\Windows\system32\api-ms-win-core-synch-l1-2-0.DLL
[0802/230409:ERROR:process_reader_win.cc(232)] ReadMemory at 0x77920000 of 64 bytes failed: Запрос ReadProcessMemory или WriteProcessMemory был выполнен только частично. (0x12B)
[0802/230409:WARNING:pe_image_reader.cc(280)] could not read dos header from C:\Windows\system32\MSCTF.dll
[0802/230409:ERROR:process_reader_win.cc(232)] ReadMemory at 0x764d0000 of 64 bytes failed: Запрос ReadProcessMemory или WriteProcessMemory был выполнен только частично. (0x12B)
[0802/230409:WARNING:pe_image_reader.cc(280)] could not read dos header from C:\Windows\system32\IMM32.DLL
[0802/230409:ERROR:process_reader_win.cc(232)] ReadMemory at 0x76110000 of 64 bytes failed: Запрос ReadProcessMemory или WriteProcessMemory был выполнен только частично. (0x12B)
[0802/230409:WARNING:pe_image_reader.cc(280)] could not read dos header from C:\Windows\system32\SHLWAPI.dll
[0802/230409:ERROR:process_reader_win.cc(232)] ReadMemory at 0x76630000 of 64 bytes failed: Запрос ReadProcessMemory или WriteProcessMemory был выполнен только частично. (0x12B)
[0802/230409:WARNING:pe_image_reader.cc(280)] could not read dos header from C:\Windows\system32\SHELL32.dll
[0802/230409:ERROR:process_reader_win.cc(232)] ReadMemory at 0x76240000 of 64 bytes failed: Запрос ReadProcessMemory или WriteProcessMemory был выполнен только частично. (0x12B)
[0802/230409:WARNING:pe_image_reader.cc(280)] could not read dos header from C:\Windows\system32\PSAPI.DLL
[0802/230409:ERROR:process_reader_win.cc(232)] ReadMemory at 0x74c60000 of 64 bytes failed: Запрос ReadProcessMemory или WriteProcessMemory был выполнен только частично. (0x12B)
[0802/230409:WARNING:pe_image_reader.cc(280)] could not read dos header from C:\Windows\system32\WINSPOOL.DRV
[0802/230409:ERROR:process_reader_win.cc(232)] ReadMemory at 0x745c0000 of 64 bytes failed: Запрос ReadProcessMemory или WriteProcessMemory был выполнен только частично. (0x12B)
[0802/230409:WARNING:pe_image_reader.cc(280)] could not read dos header from C:\Windows\WinSxS\x86_microsoft.windows.common-controls_6595b64144ccf1df_6.0.7601.18837_none_41e855142bd5705d\COMCTL32.dll
[0802/230409:ERROR:process_reader_win.cc(232)] ReadMemory at 0x75d90000 of 64 bytes failed: Запрос ReadProcessMemory или WriteProcessMemory был выполнен только частично. (0x12B)
[0802/230409:WARNING:pe_image_reader.cc(280)] could not read dos header from C:\Windows\system32\COMDLG32.dll
[0802/230409:ERROR:process_reader_win.cc(232)] ReadMemory at 0x76280000 of 64 bytes failed: Запрос ReadProcessMemory или WriteProcessMemory был выполнен только частично. (0x12B)
[0802/230409:WARNING:pe_image_reader.cc(280)] could not read dos header from C:\Windows\system32\ole32.dll
[0802/230409:ERROR:process_reader_win.cc(232)] ReadMemory at 0x764f0000 of 64 bytes failed: Запрос ReadProcessMemory или WriteProcessMemory был выполнен только частично. (0x12B)
[0802/230409:WARNING:pe_image_reader.cc(280)] could not read dos header from C:\Windows\system32\OLEAUT32.dll
[0802/230409:ERROR:process_reader_win.cc(232)] ReadMemory at 0x75e10000 of 64 bytes failed: Запрос ReadProcessMemory или WriteProcessMemory был выполнен только частично. (0x12B)
[0802/230409:WARNING:pe_image_reader.cc(280)] could not read dos header from C:\Windows\system32\NSI.dll
[0802/230409:ERROR:process_reader_win.cc(232)] ReadMemory at 0x73700000 of 64 bytes failed: Запрос ReadProcessMemory или WriteProcessMemory был выполнен только частично. (0x12B)
[0802/230409:WARNING:pe_image_reader.cc(280)] could not read dos header from C:\Windows\system32\WINNSI.DLL
[0802/230409:ERROR:process_reader_win.cc(232)] ReadMemory at 0x73710000 of 64 bytes failed: Запрос ReadProcessMemory или WriteProcessMemory был выполнен только частично. (0x12B)
[0802/230409:WARNING:pe_image_reader.cc(280)] could not read dos header from C:\Windows\system32\IPHLPAPI.DLL
[0802/230409:ERROR:process_reader_win.cc(232)] ReadMemory at 0x76490000 of 64 bytes failed: Запрос ReadProcessMemory или WriteProcessMemory был выполнен только частично. (0x12B)
[0802/230409:WARNING:pe_image_reader.cc(280)] could not read dos header from C:\Windows\system32\WS2_32.dll
[0802/230409:ERROR:process_reader_win.cc(232)] ReadMemory at 0x75720000 of 64 bytes failed: Запрос ReadProcessMemory или WriteProcessMemory был выполнен только частично. (0x12B)
[0802/230409:WARNING:pe_image_reader.cc(280)] could not read dos header from C:\Windows\system32\MSASN1.dll
[0802/230409:ERROR:process_reader_win.cc(232)] ReadMemory at 0x75900000 of 64 bytes failed: Запрос ReadProcessMemory или WriteProcessMemory был выполнен только частично. (0x12B)
[0802/230409:WARNING:pe_image_reader.cc(280)] could not read dos header from C:\Windows\system32\CRYPT32.dll
[0802/230409:ERROR:process_reader_win.cc(232)] ReadMemory at 0x75890000 of 64 bytes failed: Запрос ReadProcessMemory или WriteProcessMemory был выполнен только частично. (0x12B)
[0802/230409:WARNING:pe_image_reader.cc(280)] could not read dos header from C:\Windows\system32\WINTRUST.dll
[0802/230409:ERROR:process_reader_win.cc(232)] ReadMemory at 0x755b0000 of 64 bytes failed: Запрос ReadProcessMemory или WriteProcessMemory был выполнен только частично. (0x12B)
[0802/230409:WARNING:pe_image_reader.cc(280)] could not read dos header from C:\Windows\system32\Secur32.dll
[0802/230409:ERROR:process_reader_win.cc(232)] ReadMemory at 0x755d0000 of 64 bytes failed: Запрос ReadProcessMemory или WriteProcessMemory был выполнен только частично. (0x12B)
[0802/230409:WARNING:pe_image_reader.cc(280)] could not read dos header from C:\Windows\system32\SSPICLI.DLL
[0802/230409:ERROR:process_reader_win.cc(232)] ReadMemory at 0x56040000 of 64 bytes failed: Запрос ReadProcessMemory или WriteProcessMemory был выполнен только частично. (0x12B)
[0802/230409:WARNING:pe_image_reader.cc(280)] could not read dos header from C:\Program Files\Google\Chrome\Application\51.0.2704.103\chrome_child.dll
[0802/230409:ERROR:process_reader_win.cc(232)] ReadMemory at 0x69450000 of 64 bytes failed: Запрос ReadProcessMemory или WriteProcessMemory был выполнен только частично. (0x12B)
[0802/230409:WARNING:pe_image_reader.cc(280)] could not read dos header from C:\Windows\system32\dwrite.dll
[0802/230409:ERROR:process_reader_win.cc(232)] ReadMemory at 0x75640000 of 64 bytes failed: Запрос ReadProcessMemory или WriteProcessMemory был выполнен только частично. (0x12B)
[0802/230409:WARNING:pe_image_reader.cc(280)] could not read dos header from C:\Windows\system32\cryptbase.dll
[0802/230409:ERROR:process_reader_win.cc(232)] ReadMemory at 0x1060000 of 64 bytes failed: Запрос ReadProcessMemory или WriteProcessMemory был выполнен только частично. (0x12B)
[0802/230409:WARNING:pe_image_reader.cc(280)] could not read dos header from C:\Program Files\Google\Chrome\Application\chrome.exe
[0802/230409:ERROR:process_reader_win.cc(232)] ReadMemory at 0x777a0000 of 64 bytes failed: Запрос ReadProcessMemory или WriteProcessMemory был выполнен только частично. (0x12B)
[0802/230409:WARNING:pe_image_reader.cc(280)] could not read dos header from C:\Windows\SYSTEM32\ntdll.dll
[0802/230409:ERROR:process_reader_win.cc(232)] ReadMemory at 0x75840000 of 64 bytes failed: Запрос ReadProcessMemory или WriteProcessMemory был выполнен только частично. (0x12B)
[0802/230409:WARNING:pe_image_reader.cc(280)] could not read dos header from C:\Windows\system32\KERNELBASE.dll
[0802/230409:ERROR:process_reader_win.cc(232)] ReadMemory at 0x75aa0000 of 64 bytes failed: Запрос ReadProcessMemory или WriteProcessMemory был выполнен только частично. (0x12B)
[0802/230409:WARNING:pe_image_reader.cc(280)] could not read dos header from C:\Windows\system32\kernel32.dll
[0802/230409:ERROR:process_reader_win.cc(232)] ReadMemory at 0x75f70000 of 64 bytes failed: Запрос ReadProcessMemory или WriteProcessMemory был выполнен только частично. (0x12B)
[0802/230409:WARNING:pe_image_reader.cc(280)] could not read dos header from C:\Windows\system32\msvcrt.dll
[0802/230409:ERROR:process_reader_win.cc(232)] ReadMemory at 0x76580000 of 64 bytes failed: Запрос ReadProcessMemory или WriteProcessMemory был выполнен только частично. (0x12B)
[0802/230409:WARNING:pe_image_reader.cc(280)] could not read dos header from C:\Windows\system32\RPCRT4.dll
[0802/230409:ERROR:process_reader_win.cc(232)] ReadMemory at 0x77900000 of 64 bytes failed: Запрос ReadProcessMemory или WriteProcessMemory был выполнен только частично. (0x12B)
[0802/230409:WARNING:pe_image_reader.cc(280)] could not read dos header from C:\Windows\SYSTEM32\sechost.dll
[0802/230409:ERROR:process_reader_win.cc(232)] ReadMemory at 0x763e0000 of 64 bytes failed: Запрос ReadProcessMemory или WriteProcessMemory был выполнен только частично. (0x12B)
[0802/230409:WARNING:pe_image_reader.cc(280)] could not read dos header from C:\Windows\system32\ADVAPI32.dll
[0802/230409:ERROR:process_reader_win.cc(232)] ReadMemory at 0x65690000 of 64 bytes failed: Запрос ReadProcessMemory или WriteProcessMemory был выполнен только частично. (0x12B)
[0802/230409:WARNING:pe_image_reader.cc(280)] could not read dos header from C:\Program Files\Google\Chrome\Application\51.0.2704.103\chrome_elf.dll
[0802/230409:ERROR:process_reader_win.cc(232)] ReadMemory at 0x74cc0000 of 64 bytes failed: Запрос ReadProcessMemory или WriteProcessMemory был выполнен только частично. (0x12B)
[0802/230409:WARNING:pe_image_reader.cc(280)] could not read dos header from C:\Windows\system32\VERSION.dll
[0802/230409:ERROR:process_reader_win.cc(232)] ReadMemory at 0x76070000 of 64 bytes failed: Запрос ReadProcessMemory или WriteProcessMemory был выполнен только частично. (0x12B)
[0802/230409:WARNING:pe_image_reader.cc(280)] could not read dos header from C:\Windows\system32\USP10.dll
[0802/230409:ERROR:process_reader_win.cc(232)] ReadMemory at 0x778f0000 of 64 bytes failed: Запрос ReadProcessMemory или WriteProcessMemory был выполнен только частично. (0x12B)
[0802/230409:WARNING:pe_image_reader.cc(280)] could not read dos header from C:\Windows\system32\LPK.dll
[0802/230409:ERROR:process_reader_win.cc(232)] ReadMemory at 0x76020000 of 64 bytes failed: Запрос ReadProcessMemory или WriteProcessMemory был выполнен только частично. (0x12B)
[0802/230409:WARNING:pe_image_reader.cc(280)] could not read dos header from C:\Windows\system32\GDI32.dll
[0802/230409:ERROR:process_reader_win.cc(232)] ReadMemory at 0x76170000 of 64 bytes failed: Запрос ReadProcessMemory или WriteProcessMemory был выполнен только частично. (0x12B)
[0802/230409:WARNING:pe_image_reader.cc(280)] could not read dos header from C:\Windows\system32\USER32.dll
[0802/230409:ERROR:process_reader_win.cc(232)] ReadMemory at 0x722e0000 of 64 bytes failed: Запрос ReadProcessMemory или WriteProcessMemory был выполнен только частично. (0x12B)
[0802/230409:WARNING:pe_image_reader.cc(280)] could not read dos header from C:\Windows\system32\WINMM.dll
[0802/230409:ERROR:process_reader_win.cc(232)] ReadMemory at 0x75730000 of 64 bytes failed: Запрос ReadProcessMemory или WriteProcessMemory был выполнен только частично. (0x12B)
[0802/230409:WARNING:pe_image_reader.cc(280)] could not read dos header from C:\Windows\system32\profapi.dll
[0802/230409:ERROR:process_reader_win.cc(232)] ReadMemory at 0x75a30000 of 64 bytes failed: Запрос ReadProcessMemory или WriteProcessMemory был выполнен только частично. (0x12B)
[0802/230409:WARNING:pe_image_reader.cc(280)] could not read dos header from C:\Windows\system32\USERENV.dll
[0802/230409:ERROR:process_reader_win.cc(232)] ReadMemory at 0x74cd0000 of 64 bytes failed: Запрос ReadProcessMemory или WriteProcessMemory был выполнен только частично. (0x12B)
[0802/230409:WARNING:pe_image_reader.cc(280)] could not read dos header from C:\Windows\system32\WTSAPI32.dll
[0802/230409:ERROR:process_reader_win.cc(232)] ReadMemory at 0x704c0000 of 64 bytes failed: Запрос ReadProcessMemory или WriteProcessMemory был выполнен только частично. (0x12B)
[0802/230409:WARNING:pe_image_reader.cc(280)] could not read dos header from C:\Windows\system32\webio.dll
[0802/230409:ERROR:process_reader_win.cc(232)] ReadMemory at 0x70510000 of 64 bytes failed: Запрос ReadProcessMemory или WriteProcessMemory был выполнен только частично. (0x12B)
[0802/230409:WARNING:pe_image_reader.cc(280)] could not read dos header from C:\Windows\system32\WINHTTP.dll
[0802/230409:ERROR:process_reader_win.cc(232)] ReadMemory at 0x73d40000 of 64 bytes failed: Запрос ReadProcessMemory или WriteProcessMemory был выполнен только частично. (0x12B)
[0802/230409:WARNING:pe_image_reader.cc(280)] could not read dos header from C:\Windows\system32\api-ms-win-core-synch-l1-2-0.DLL
[0802/230409:ERROR:process_reader_win.cc(232)] ReadMemory at 0x77920000 of 64 bytes failed: Запрос ReadProcessMemory или WriteProcessMemory был выполнен только частично. (0x12B)
[0802/230409:WARNING:pe_image_reader.cc(280)] could not read dos header from C:\Windows\system32\MSCTF.dll
[0802/230409:ERROR:process_reader_win.cc(232)] ReadMemory at 0x764d0000 of 64 bytes failed: Запрос ReadProcessMemory или WriteProcessMemory был выполнен только частично. (0x12B)
[0802/230409:WARNING:pe_image_reader.cc(280)] could not read dos header from C:\Windows\system32\IMM32.DLL
[0802/230409:ERROR:process_reader_win.cc(232)] ReadMemory at 0x76110000 of 64 bytes failed: Запрос ReadProcessMemory или WriteProcessMemory был выполнен только частично. (0x12B)
[0802/230409:WARNING:pe_image_reader.cc(280)] could not read dos header from C:\Windows\system32\SHLWAPI.dll
[0802/230409:ERROR:process_reader_win.cc(232)] ReadMemory at 0x76630000 of 64 bytes failed: Запрос ReadProcessMemory или WriteProcessMemory был выполнен только частично. (0x12B)
[0802/230409:WARNING:pe_image_reader.cc(280)] could not read dos header from C:\Windows\system32\SHELL32.dll
[0802/230409:ERROR:process_reader_win.cc(232)] ReadMemory at 0x76240000 of 64 bytes failed: Запрос ReadProcessMemory или WriteProcessMemory был выполнен только частично. (0x12B)
[0802/230409:WARNING:pe_image_reader.cc(280)] could not read dos header from C:\Windows\system32\PSAPI.DLL
[0802/230409:ERROR:process_reader_win.cc(232)] ReadMemory at 0x74c60000 of 64 bytes failed: Запрос ReadProcessMemory или WriteProcessMemory был выполнен только частично. (0x12B)
[0802/230409:WARNING:pe_image_reader.cc(280)] could not read dos header from C:\Windows\system32\WINSPOOL.DRV
[0802/230409:ERROR:process_reader_win.cc(232)] ReadMemory at 0x745c0000 of 64 bytes failed: Запрос ReadProcessMemory или WriteProcessMemory был выполнен только частично. (0x12B)
[0802/230409:WARNING:pe_image_reader.cc(280)] could not read dos header from C:\Windows\WinSxS\x86_microsoft.windows.common-controls_6595b64144ccf1df_6.0.7601.18837_none_41e855142bd5705d\COMCTL32.dll
[0802/230409:ERROR:process_reader_win.cc(232)] ReadMemory at 0x75d90000 of 64 bytes failed: Запрос ReadProcessMemory или WriteProcessMemory был выполнен только частично. (0x12B)
[0802/230409:WARNING:pe_image_reader.cc(280)] could not read dos header from C:\Windows\system32\COMDLG32.dll
[0802/230409:ERROR:process_reader_win.cc(232)] ReadMemory at 0x76280000 of 64 bytes failed: Запрос ReadProcessMemory или WriteProcessMemory был выполнен только частично. (0x12B)
[0802/230409:WARNING:pe_image_reader.cc(280)] could not read dos header from C:\Windows\system32\ole32.dll
[0802/230409:ERROR:process_reader_win.cc(232)] ReadMemory at 0x764f0000 of 64 bytes failed: Запрос ReadProcessMemory или WriteProcessMemory был выполнен только частично. (0x12B)
[0802/230409:WARNING:pe_image_reader.cc(280)] could not read dos header from C:\Windows\system32\OLEAUT32.dll
[0802/230409:ERROR:process_reader_win.cc(232)] ReadMemory at 0x75e10000 of 64 bytes failed: Запрос ReadProcessMemory или WriteProcessMemory был выполнен только частично. (0x12B)
[0802/230409:WARNING:pe_image_reader.cc(280)] could not read dos header from C:\Windows\system32\NSI.dll
[0802/230409:ERROR:process_reader_win.cc(232)] ReadMemory at 0x73700000 of 64 bytes failed: Запрос ReadProcessMemory или WriteProcessMemory был выполнен только частично. (0x12B)
[0802/230409:WARNING:pe_image_reader.cc(280)] could not read dos header from C:\Windows\system32\WINNSI.DLL
[0802/230409:ERROR:process_reader_win.cc(232)] ReadMemory at 0x73710000 of 64 bytes failed: Запрос ReadProcessMemory или WriteProcessMemory был выполнен только частично. (0x12B)
[0802/230409:WARNING:pe_image_reader.cc(280)] could not read dos header from C:\Windows\system32\IPHLPAPI.DLL
[0802/230409:ERROR:process_reader_win.cc(232)] ReadMemory at 0x76490000 of 64 bytes failed: Запрос ReadProcessMemory или WriteProcessMemory был выполнен только частично. (0x12B)
[0802/230409:WARNING:pe_image_reader.cc(280)] could not read dos header from C:\Windows\system32\WS2_32.dll
[0802/230409:ERROR:process_reader_win.cc(232)] ReadMemory at 0x75720000 of 64 bytes failed: Запрос ReadProcessMemory или WriteProcessMemory был выполнен только частично. (0x12B)
[0802/230409:WARNING:pe_image_reader.cc(280)] could not read dos header from C:\Windows\system32\MSASN1.dll
[0802/230409:ERROR:process_reader_win.cc(232)] ReadMemory at 0x75900000 of 64 bytes failed: Запрос ReadProcessMemory или WriteProcessMemory был выполнен только частично. (0x12B)
[0802/230409:WARNING:pe_image_reader.cc(280)] could not read dos header from C:\Windows\system32\CRYPT32.dll
[0802/230409:ERROR:process_reader_win.cc(232)] ReadMemory at 0x75890000 of 64 bytes failed: Запрос ReadProcessMemory или WriteProcessMemory был выполнен только частично. (0x12B)
[0802/230409:WARNING:pe_image_reader.cc(280)] could not read dos header from C:\Windows\system32\WINTRUST.dll
[0802/230409:ERROR:process_reader_win.cc(232)] ReadMemory at 0x755b0000 of 64 bytes failed: Запрос ReadProcessMemory или WriteProcessMemory был выполнен только частично. (0x12B)
[0802/230409:WARNING:pe_image_reader.cc(280)] could not read dos header from C:\Windows\system32\Secur32.dll
[0802/230409:ERROR:process_reader_win.cc(232)] ReadMemory at 0x755d0000 of 64 bytes failed: Запрос ReadProcessMemory или WriteProcessMemory был выполнен только частично. (0x12B)
[0802/230409:WARNING:pe_image_reader.cc(280)] could not read dos header from C:\Windows\system32\SSPICLI.DLL
[0802/230409:ERROR:process_reader_win.cc(232)] ReadMemory at 0x56040000 of 64 bytes failed: Запрос ReadProcessMemory или WriteProcessMemory был выполнен только частично. (0x12B)
[0802/230409:WARNING:pe_image_reader.cc(280)] could not read dos header from C:\Program Files\Google\Chrome\Application\51.0.2704.103\chrome_child.dll
[0802/230409:ERROR:process_reader_win.cc(232)] ReadMemory at 0x69450000 of 64 bytes failed: Запрос ReadProcessMemory или WriteProcessMemory был выполнен только частично. (0x12B)
[0802/230409:WARNING:pe_image_reader.cc(280)] could not read dos header from C:\Windows\system32\dwrite.dll
[0802/230409:ERROR:process_reader_win.cc(232)] ReadMemory at 0x75640000 of 64 bytes failed: Запрос ReadProcessMemory или WriteProcessMemory был выполнен только частично. (0x12B)
[0802/230409:WARNING:pe_image_reader.cc(280)] could not read dos header from C:\Windows\system32\cryptbase.dll
[0802/230409:ERROR:process_reader_win.cc(232)] ReadMemory at 0x135000 of 45056 bytes failed: Запрос ReadProcessMemory или WriteProcessMemory был выполнен только частично. (0x12B)
[0802/230409:ERROR:crash_report_exception_handler.cc(102)] WriteEverything failed
[0802/230409:ERROR:scoped_process_suspend.cc(38)] NtResumeProcess, ntstatus=-1073741558
